<?xml version="1.0" encoding="UTF-8"?>
<!-- Generated by org.testng.reporters.JUnitReportReporter -->
<testsuite hostname="DESKTOP-HNC9O5S" name="com.demo.NewTest" tests="1" failures="0" timestamp="25 Apr 2020 08:11:40 GMT" time="0.033" errors="0">
  <testcase name="f" time="0.033" classname="com.demo.NewTest"/>
</testsuite> <!-- com.demo.NewTest -->
