<?xml version="1.0" encoding="UTF-8"?>
<!-- Generated by org.testng.reporters.JUnitReportReporter -->
<testsuite hostname="DESKTOP-HNC9O5S" name="com.demo.Erail" tests="1" failures="0" timestamp="4 May 2020 19:22:57 GMT" time="29.069" errors="0">
  <testcase name="eRailLaunch" time="29.069" classname="com.demo.Erail"/>
</testsuite> <!-- com.demo.Erail -->
